<?xml version="1.0" encoding="UTF-8"?>
<!-- Generated by org.testng.reporters.JUnitReportReporter -->
<testsuite hostname="DESKTOP-QA4O5QD" failures="0" tests="1" name="FunctionTest.HomePageTest" time="39.739" errors="0" timestamp="2024-11-10T14:44:02 EST" skipped="0">
  <testcase classname="FunctionTest.HomePageTest" name="products" time="39.739"/>
  <system-out/>
</testsuite> <!-- FunctionTest.HomePageTest -->
